{
  "RSpec": {
    "coverage": {
      "/Users/lucascartaxo/Developer/ruby/simple-store-api/spec/models/product_spec.rb": {
        "lines": [
          1,
          null,
          1,
          2,
          null,
          1,
          1,
          null,
          null,
          1,
          2,
          2,
          null,
          null,
          1,
          1,
          1,
          null,
          null,
          null,
          1,
          1,
          1,
          1,
          null,
          1,
          1,
          null,
          2,
          null,
          null,
          null,
          null
        ]
      },
      "/Users/lucascartaxo/Developer/ruby/simple-store-api/app/models/product.rb": {
        "lines": [
          1,
          1,
          null,
          1,
          null,
          1,
          1,
          null,
          null
        ]
      },
      "/Users/lucascartaxo/Developer/ruby/simple-store-api/app/models/application_record.rb": {
        "lines": [
          1,
          1,
          null
        ]
      },
      "/Users/lucascartaxo/Developer/ruby/simple-store-api/spec/models/stock_item_spec.rb": {
        "lines": [
          1,
          null,
          1,
          1,
          1,
          1,
          null,
          null,
          null,
          1,
          2,
          2,
          2,
          null,
          null,
          1,
          1,
          1,
          1,
          null,
          null,
          null,
          null,
          null
        ]
      },
      "/Users/lucascartaxo/Developer/ruby/simple-store-api/app/models/stock_item.rb": {
        "lines": [
          1,
          1,
          1,
          null,
          1,
          1,
          null
        ]
      },
      "/Users/lucascartaxo/Developer/ruby/simple-store-api/spec/models/store_spec.rb": {
        "lines": [
          1,
          null,
          1,
          1,
          1,
          1,
          null,
          null,
          null,
          1,
          2,
          2,
          null,
          null,
          1,
          1,
          1,
          1,
          null,
          1,
          1,
          null,
          2,
          null,
          null,
          null,
          null,
          null
        ]
      },
      "/Users/lucascartaxo/Developer/ruby/simple-store-api/app/models/store.rb": {
        "lines": [
          1,
          1,
          null,
          1,
          null
        ]
      },
      "/Users/lucascartaxo/Developer/ruby/simple-store-api/spec/requests/product_request_spec.rb": {
        "lines": [
          1,
          null,
          1,
          14,
          6,
          null,
          1,
          3,
          null,
          1,
          1,
          1,
          1,
          null,
          null,
          1,
          1,
          null,
          null,
          null,
          1,
          5,
          null,
          1,
          1,
          1,
          1,
          null,
          null,
          1,
          1,
          null,
          null,
          null,
          1,
          3,
          null,
          1,
          1,
          null,
          null,
          1,
          1,
          null,
          null,
          null,
          null,
          1,
          3,
          null,
          1,
          3,
          null,
          1,
          1,
          null,
          null,
          1,
          1,
          null,
          null,
          null,
          1,
          3,
          null,
          1,
          1,
          null,
          null,
          1,
          1,
          null,
          null,
          null,
          null,
          null,
          1,
          3,
          null,
          1,
          3,
          null,
          1,
          1,
          null,
          null,
          1,
          1,
          null,
          null,
          null,
          null,
          1,
          2,
          null,
          1,
          1,
          null,
          null,
          null,
          1,
          null,
          1,
          6,
          null,
          null
        ]
      },
      "/Users/lucascartaxo/Developer/ruby/simple-store-api/spec/requests/stock_items_request_spec.rb": {
        "lines": [
          1,
          null,
          1,
          14,
          6,
          null,
          1,
          3,
          null,
          1,
          1,
          1,
          1,
          null,
          null,
          1,
          1,
          null,
          null,
          null,
          1,
          5,
          null,
          1,
          1,
          1,
          1,
          null,
          null,
          1,
          1,
          null,
          null,
          null,
          1,
          3,
          null,
          1,
          1,
          null,
          null,
          1,
          1,
          null,
          null,
          null,
          null,
          1,
          3,
          3,
          3,
          null,
          1,
          3,
          null,
          1,
          1,
          1,
          1,
          null,
          null,
          1,
          1,
          null,
          null,
          null,
          1,
          3,
          null,
          1,
          1,
          null,
          null,
          1,
          1,
          null,
          null,
          null,
          null,
          null,
          1,
          3,
          null,
          1,
          3,
          null,
          1,
          1,
          null,
          null,
          1,
          1,
          null,
          null,
          null,
          null,
          1,
          2,
          null,
          1,
          1,
          null,
          null,
          null,
          1,
          null,
          1,
          8,
          null,
          null
        ]
      },
      "/Users/lucascartaxo/Developer/ruby/simple-store-api/spec/requests/store_request_spec.rb": {
        "lines": [
          1,
          null,
          1,
          15,
          6,
          null,
          1,
          1,
          1,
          1,
          null,
          null,
          1,
          1,
          null,
          null,
          1,
          1,
          null,
          null,
          1,
          1,
          null,
          null,
          null,
          null,
          1,
          3,
          null,
          1,
          1,
          1,
          1,
          null,
          null,
          1,
          1,
          null,
          null,
          null,
          1,
          5,
          null,
          1,
          1,
          1,
          1,
          null,
          null,
          1,
          1,
          null,
          null,
          null,
          1,
          3,
          null,
          1,
          1,
          null,
          null,
          1,
          1,
          null,
          null,
          null,
          null,
          1,
          3,
          null,
          1,
          3,
          null,
          1,
          1,
          null,
          null,
          1,
          1,
          null,
          null,
          null,
          1,
          3,
          null,
          1,
          1,
          null,
          null,
          1,
          1,
          null,
          null,
          null,
          null,
          null,
          1,
          3,
          null,
          1,
          3,
          null,
          1,
          1,
          null,
          null,
          1,
          1,
          null,
          null,
          null,
          null,
          1,
          2,
          null,
          1,
          1,
          null,
          null,
          null,
          1,
          null,
          1,
          6,
          null,
          null
        ]
      },
      "/Users/lucascartaxo/Developer/ruby/simple-store-api/app/controllers/application_controller.rb": {
        "lines": [
          1,
          null
        ]
      },
      "/Users/lucascartaxo/Developer/ruby/simple-store-api/app/controllers/api/v1/products_controller.rb": {
        "lines": [
          1,
          null,
          1,
          null,
          null,
          1,
          2,
          2,
          null,
          null,
          null,
          1,
          4,
          2,
          null,
          null,
          null,
          1,
          2,
          null,
          null,
          null,
          1,
          2,
          2,
          null,
          null,
          null,
          1,
          1,
          1,
          null,
          null,
          1,
          null,
          1,
          6,
          null,
          null,
          1,
          7,
          null,
          null
        ]
      },
      "/Users/lucascartaxo/Developer/ruby/simple-store-api/app/controllers/api/v1/base_controller.rb": {
        "lines": [
          1,
          1,
          null,
          1,
          null,
          1,
          1,
          40,
          null,
          null,
          1,
          19,
          19,
          null,
          null,
          1,
          19,
          null,
          null
        ]
      },
      "/Users/lucascartaxo/Developer/ruby/simple-store-api/app/controllers/concerns/exception_handler.rb": {
        "lines": [
          1,
          1,
          null,
          1,
          1,
          6,
          null,
          null,
          1,
          6,
          null,
          null,
          null
        ]
      },
      "/Users/lucascartaxo/Developer/ruby/simple-store-api/app/serializers/product_serializer.rb": {
        "lines": [
          1,
          1,
          null,
          1,
          null,
          1,
          24,
          null,
          null
        ]
      },
      "/Users/lucascartaxo/Developer/ruby/simple-store-api/app/controllers/api/v1/stock_items_controller.rb": {
        "lines": [
          1,
          null,
          1,
          null,
          null,
          1,
          2,
          2,
          null,
          null,
          null,
          1,
          4,
          2,
          null,
          null,
          null,
          1,
          2,
          null,
          null,
          null,
          1,
          2,
          2,
          null,
          null,
          null,
          1,
          1,
          1,
          null,
          null,
          1,
          null,
          1,
          6,
          null,
          null,
          1,
          7,
          null,
          null
        ]
      },
      "/Users/lucascartaxo/Developer/ruby/simple-store-api/app/serializers/stock_item_serializer.rb": {
        "lines": [
          1,
          1,
          null,
          1,
          null
        ]
      },
      "/Users/lucascartaxo/Developer/ruby/simple-store-api/app/controllers/api/v1/stores_controller.rb": {
        "lines": [
          1,
          1,
          null,
          null,
          1,
          3,
          3,
          null,
          null,
          null,
          1,
          4,
          2,
          null,
          null,
          null,
          1,
          2,
          null,
          null,
          null,
          1,
          2,
          2,
          null,
          null,
          null,
          1,
          1,
          1,
          null,
          null,
          1,
          1,
          6,
          null,
          null,
          1,
          7,
          null,
          null
        ]
      },
      "/Users/lucascartaxo/Developer/ruby/simple-store-api/app/serializers/store_serializer.rb": {
        "lines": [
          1,
          1,
          null,
          1,
          null
        ]
      }
    },
    "timestamp": 1597007580
  }
}
